Main...ing
channel lines :smzdm_rss :  http://feed.smzdm.com

channel lines :google_news_rss :  feed://news.google.com.hk/news?pz=1&cf=all&ned=cn&hl=zh-CN&topic=n&output=rss
Fetched from FS ['http://feed.smzdm.com\n', 'feed://news.google.com.hk/news?pz=1&cf=all&ned=cn&hl=zh-CN&topic=n&output=rss']
XXXXXXXXXX Existed GUID:xxxx
XXXXXXXXXX Existed GUID:xxxx
XXXXXXXXXX Existed GUID:xxxx
XXXXXXXXXX Existed GUID:xxxx
XXXXXXXXXX Existed GUID:xxxx
XXXXXXXXXX Existed GUID:xxxx
XXXXXXXXXX Existed GUID:xxxx
XXXXXXXXXX Existed GUID:xxxx
XXXXXXXXXX Existed GUID:xxxx
XXXXXXXXXX Existed GUID:xxxx
XXXXXXXXXX Existed GUID:xxxx
XXXXXXXXXX Existed GUID:xxxx
XXXXXXXXXX Existed GUID:xxxx
XXXXXXXXXX Existed GUID:xxxx
XXXXXXXXXX Existed GUID:xxxx
XXXXXXXXXX Existed GUID:xxxx
XXXXXXXXXX Existed GUID:xxxx
XXXXXXXXXX Existed GUID:xxxx
XXXXXXXXXX Existed GUID:xxxx
XXXXXXXXXX Existed GUID:xxxx
NewLy Fetched 0 Feeds between 20 entries
2013-07-27 10:39:30.971910 : Gonnoa have a 5 minutes SNAP
5 MINUTES, wake up and crawl ....

XXXXXXXXXX Existed GUID:xxxx
XXXXXXXXXX Existed GUID:xxxx
XXXXXXXXXX Existed GUID:xxxx
XXXXXXXXXX Existed GUID:xxxx
XXXXXXXXXX Existed GUID:xxxx
XXXXXXXXXX Existed GUID:xxxx
XXXXXXXXXX Existed GUID:xxxx
XXXXXXXXXX Existed GUID:xxxx
XXXXXXXXXX Existed GUID:xxxx
XXXXXXXXXX Existed GUID:xxxx
OOOOOOOOOO NewLy!!!!!!!: 51f334117180d01a23f432bf

